Arguments: 
  /Users/finley/.nvm/versions/node/v12.22.7/bin/node /usr/local/Cellar/yarn/1.22.17/libexec/bin/yarn.js add vk-unicloud-data-ui --save

PATH: 
  /Users/finley/.nvm/versions/node/v12.22.7/bin:/usr/local/bin:/usr/local/sbin:/usr/local/bin:/usr/bin:/bin:/usr/sbin:/sbin

Yarn version: 
  1.22.17

Node version: 
  12.22.7

Platform: 
  darwin x64

Trace: 
  Error: http://registry.npm.taobao.org/vk-unicloud-data-ui: Not found
      at Request.params.callback [as _callback] (/usr/local/Cellar/yarn/1.22.17/libexec/lib/cli.js:67029:18)
      at Request.self.callback (/usr/local/Cellar/yarn/1.22.17/libexec/lib/cli.js:140883:22)
      at Request.emit (events.js:314:20)
      at Request.<anonymous> (/usr/local/Cellar/yarn/1.22.17/libexec/lib/cli.js:141855:10)
      at Request.emit (events.js:314:20)
      at IncomingMessage.<anonymous> (/usr/local/Cellar/yarn/1.22.17/libexec/lib/cli.js:141777:12)
      at Object.onceWrapper (events.js:420:28)
      at IncomingMessage.emit (events.js:326:22)
      at endReadableNT (_stream_readable.js:1241:12)
      at processTicksAndRejections (internal/process/task_queues.js:84:21)

npm manifest: 
  {
    "dependencies": {
      "vk-uview-ui": "^1.3.2"
    }
  }

yarn manifest: 
  No manifest

Lockfile: 
  # THIS IS AN AUTOGENERATED FILE. DO NOT EDIT THIS FILE DIRECTLY.
  # yarn lockfile v1
  
  
  vk-uview-ui@^1.3.2:
    version "1.3.2"
    resolved "https://registry.npmmirror.com/vk-uview-ui/download/vk-uview-ui-1.3.2.tgz#e8288c2b5113a7bca42813d176c857afe4280194"
    integrity sha1-6CiMK1ETp7ykKBPRdshXr+QoAZQ=
